<?xml version="1.0" encoding="UTF-8"?>
<testsuites>
    <testsuite name="user-join-game-world;once-in-lobby-i-should-be-able-to-join-world-one-and-then-leave" tests="5" failures="0" skipped="0">
        <properties>
            <property name="URI" value="C:/Users/Matt/Source/Repos/Soft351CW5/features/JoinWorld.feature">
            </property>
        </properties>
        <testcase name="Given I have logged in" classname="user-join-game-world;once-in-lobby-i-should-be-able-to-join-world-one-and-then-leave" time="3.672181093">
        </testcase>
        <testcase name="Then i can click on the element &quot;JoinWorld&quot;" classname="user-join-game-world;once-in-lobby-i-should-be-able-to-join-world-one-and-then-leave" time="0.053045732">
        </testcase>
        <testcase name="And i will join world one" classname="user-join-game-world;once-in-lobby-i-should-be-able-to-join-world-one-and-then-leave" time="0.032350008">
        </testcase>
        <testcase name="Then i can leave the game room" classname="user-join-game-world;once-in-lobby-i-should-be-able-to-join-world-one-and-then-leave" time="0.061776967">
        </testcase>
        <testcase name="And i will be back in the lobby" classname="user-join-game-world;once-in-lobby-i-should-be-able-to-join-world-one-and-then-leave" time="0.000115237">
        </testcase>
    </testsuite>
    <testsuite name="user-loging-in;load-website,-enter-nickname-and-join-lobby" tests="4" failures="0" skipped="0">
        <properties>
            <property name="URI" value="C:/Users/Matt/Source/Repos/Soft351CW5/features/Login.feature">
            </property>
        </properties>
        <testcase name="Given I navigate to &quot;http://localhost:5000&quot;" classname="user-loging-in;load-website,-enter-nickname-and-join-lobby" time="2.625375912">
        </testcase>
        <testcase name="Then i enter the nickname &quot;Nate&quot; into input field with id &quot;userInput&quot;" classname="user-loging-in;load-website,-enter-nickname-and-join-lobby" time="0.061702048">
        </testcase>
        <testcase name="Then i click on the element &quot;joinLobby&quot;" classname="user-loging-in;load-website,-enter-nickname-and-join-lobby" time="0.090445107">
        </testcase>
        <testcase name="And join the lobby if my username is unique" classname="user-loging-in;load-website,-enter-nickname-and-join-lobby" time="0.013947891">
        </testcase>
    </testsuite>
    <testsuite name="user-sending-messages-to-lobby;send-message-to-users-in-lobby" tests="4" failures="0" skipped="0">
        <properties>
            <property name="URI" value="C:/Users/Matt/Source/Repos/Soft351CW5/features/SendLobbyMessage.feature">
            </property>
        </properties>
        <testcase name="Given I have logged in" classname="user-sending-messages-to-lobby;send-message-to-users-in-lobby" time="2.78852113">
        </testcase>
        <testcase name="Then i write out my message to the lobby" classname="user-sending-messages-to-lobby;send-message-to-users-in-lobby" time="0.066973464">
        </testcase>
        <testcase name="Then i press enter" classname="user-sending-messages-to-lobby;send-message-to-users-in-lobby" time="0.030756849">
        </testcase>
        <testcase name="And i should see my message in the lobby chat with my username" classname="user-sending-messages-to-lobby;send-message-to-users-in-lobby" time="0.015203462">
        </testcase>
    </testsuite>
</testsuites>