<?xml version="1.0" encoding="UTF-8"?>
<testsuites>
    <testsuite name="user-join-game-world;once-in-lobby-i-should-be-able-to-join-world-one-and-then-leave" tests="5" failures="0" skipped="0">
        <properties>
            <property name="URI" value="C:/Users/Mattt/Documents/GitHub/SOfrt/Soft351CW/features/JoinWorld.feature">
            </property>
        </properties>
        <testcase name="Given I have logged in" classname="user-join-game-world;once-in-lobby-i-should-be-able-to-join-world-one-and-then-leave" time="3.822901893">
        </testcase>
        <testcase name="Then i can click on the element &quot;JoinWorld&quot;" classname="user-join-game-world;once-in-lobby-i-should-be-able-to-join-world-one-and-then-leave" time="0.066467152">
        </testcase>
        <testcase name="And i will join world one" classname="user-join-game-world;once-in-lobby-i-should-be-able-to-join-world-one-and-then-leave" time="0.045858008">
        </testcase>
        <testcase name="Then i can leave the game room" classname="user-join-game-world;once-in-lobby-i-should-be-able-to-join-world-one-and-then-leave" time="0.073200561">
        </testcase>
        <testcase name="And i will be back in the lobby" classname="user-join-game-world;once-in-lobby-i-should-be-able-to-join-world-one-and-then-leave" time="0.038968281">
        </testcase>
    </testsuite>
    <testsuite name="user-loging-in;load-website,-enter-nickname-and-join-lobby" tests="4" failures="0" skipped="0">
        <properties>
            <property name="URI" value="C:/Users/Mattt/Documents/GitHub/SOfrt/Soft351CW/features/Login.feature">
            </property>
        </properties>
        <testcase name="Given I navigate to &quot;http://localhost:5000&quot;" classname="user-loging-in;load-website,-enter-nickname-and-join-lobby" time="2.840153208">
        </testcase>
        <testcase name="Then i enter the nickname &quot;Nate&quot; into input field with id &quot;userInput&quot;" classname="user-loging-in;load-website,-enter-nickname-and-join-lobby" time="0.062547859">
        </testcase>
        <testcase name="Then i press enter element &quot;joinLobby&quot;" classname="user-loging-in;load-website,-enter-nickname-and-join-lobby" time="0.102730442">
        </testcase>
        <testcase name="And join the lobby if my username is unique" classname="user-loging-in;load-website,-enter-nickname-and-join-lobby" time="0.01602946">
        </testcase>
    </testsuite>
    <testsuite name="user-sending-messages-to-game-chat;send-message-to-players-in-game" tests="6" failures="0" skipped="0">
        <properties>
            <property name="URI" value="C:/Users/Mattt/Documents/GitHub/SOfrt/Soft351CW/features/SendGameMessage.feature">
            </property>
        </properties>
        <testcase name="Given I have logged in" classname="user-sending-messages-to-game-chat;send-message-to-players-in-game" time="3.003725973">
        </testcase>
        <testcase name="Then i can click on the element &quot;JoinWorld&quot;" classname="user-sending-messages-to-game-chat;send-message-to-players-in-game" time="0.064024201">
        </testcase>
        <testcase name="And i will join world one" classname="user-sending-messages-to-game-chat;send-message-to-players-in-game" time="0.041022324">
        </testcase>
        <testcase name="Then i write out my message to the game" classname="user-sending-messages-to-game-chat;send-message-to-players-in-game" time="0.088054988">
        </testcase>
        <testcase name="Then i press enter to submit &quot;gameChatForm&quot;" classname="user-sending-messages-to-game-chat;send-message-to-players-in-game" time="0.04554084">
        </testcase>
        <testcase name="And i should see my message in the game chat with my username" classname="user-sending-messages-to-game-chat;send-message-to-players-in-game" time="0.018310429">
        </testcase>
    </testsuite>
    <testsuite name="user-sending-messages-to-lobby;send-message-to-users-in-lobby" tests="4" failures="0" skipped="0">
        <properties>
            <property name="URI" value="C:/Users/Mattt/Documents/GitHub/SOfrt/Soft351CW/features/SendLobbyMessage.feature">
            </property>
        </properties>
        <testcase name="Given I have logged in" classname="user-sending-messages-to-lobby;send-message-to-users-in-lobby" time="2.991634685">
        </testcase>
        <testcase name="Then i write out my message to the lobby" classname="user-sending-messages-to-lobby;send-message-to-users-in-lobby" time="0.067956334">
        </testcase>
        <testcase name="Then i press enter to submit &quot;lobbyChatForm&quot;" classname="user-sending-messages-to-lobby;send-message-to-users-in-lobby" time="0.035206816">
        </testcase>
        <testcase name="And i should see my message in the lobby chat with my username" classname="user-sending-messages-to-lobby;send-message-to-users-in-lobby" time="0.015926003">
        </testcase>
    </testsuite>
</testsuites>