<?xml version="1.0" encoding="UTF-8"?>
<testsuites>
    <testsuite name="user-join-game-world;once-in-lobby-i-should-be-able-to-join-world-one-and-then-leave" tests="5" failures="0" skipped="0">
        <properties>
            <property name="URI" value="C:/Users/Matt/Source/Repos/Soft351CW5/features/JoinWorld.feature">
            </property>
        </properties>
        <testcase name="Given I have logged in" classname="user-join-game-world;once-in-lobby-i-should-be-able-to-join-world-one-and-then-leave" time="3.736571804">
        </testcase>
        <testcase name="Then i can click on the element &quot;JoinWorld&quot;" classname="user-join-game-world;once-in-lobby-i-should-be-able-to-join-world-one-and-then-leave" time="0.05723729">
        </testcase>
        <testcase name="And i will join world one" classname="user-join-game-world;once-in-lobby-i-should-be-able-to-join-world-one-and-then-leave" time="0.050667878">
        </testcase>
        <testcase name="Then i can leave the game room" classname="user-join-game-world;once-in-lobby-i-should-be-able-to-join-world-one-and-then-leave" time="0.049829326">
        </testcase>
        <testcase name="And i will be back in the lobby" classname="user-join-game-world;once-in-lobby-i-should-be-able-to-join-world-one-and-then-leave" time="0.000111326">
        </testcase>
    </testsuite>
    <testsuite name="user-loging-in;load-website,-enter-nickname-and-join-lobby" tests="4" failures="0" skipped="0">
        <properties>
            <property name="URI" value="C:/Users/Matt/Source/Repos/Soft351CW5/features/Login.feature">
            </property>
        </properties>
        <testcase name="Given I navigate to &quot;http://localhost:5000&quot;" classname="user-loging-in;load-website,-enter-nickname-and-join-lobby" time="2.645201793">
        </testcase>
        <testcase name="Then i enter the nickname &quot;Nate&quot; into input field with id &quot;userInput&quot;" classname="user-loging-in;load-website,-enter-nickname-and-join-lobby" time="0.062073333">
        </testcase>
        <testcase name="Then i press enter element &quot;joinLobby&quot;" classname="user-loging-in;load-website,-enter-nickname-and-join-lobby" time="0.09079864">
        </testcase>
        <testcase name="And join the lobby if my username is unique" classname="user-loging-in;load-website,-enter-nickname-and-join-lobby" time="0.016180419">
        </testcase>
    </testsuite>
    <testsuite name="user-sending-messages-to-game-chat;send-message-to-players-in-game" tests="6" failures="0" skipped="0">
        <properties>
            <property name="URI" value="C:/Users/Matt/Source/Repos/Soft351CW5/features/SendGameMessage.feature">
            </property>
        </properties>
        <testcase name="Given I have logged in" classname="user-sending-messages-to-game-chat;send-message-to-players-in-game" time="2.772961426">
        </testcase>
        <testcase name="Then i can click on the element &quot;JoinWorld&quot;" classname="user-sending-messages-to-game-chat;send-message-to-players-in-game" time="0.052113306">
        </testcase>
        <testcase name="And i will join world one" classname="user-sending-messages-to-game-chat;send-message-to-players-in-game" time="0.034266613">
        </testcase>
        <testcase name="Then i write out my message to the game" classname="user-sending-messages-to-game-chat;send-message-to-players-in-game" time="0.00008545">
        </testcase>
        <testcase name="Then i press enter" classname="user-sending-messages-to-game-chat;send-message-to-players-in-game" time="0.034021094">
        </testcase>
        <testcase name="And i should see my message in the game chat with my username" classname="user-sending-messages-to-game-chat;send-message-to-players-in-game" time="0.000090866">
        </testcase>
    </testsuite>
    <testsuite name="user-sending-messages-to-lobby;send-message-to-users-in-lobby" tests="4" failures="1" skipped="3">
        <properties>
            <property name="URI" value="C:/Users/Matt/Source/Repos/Soft351CW5/features/SendLobbyMessage.feature">
            </property>
        </properties>
        <testcase name="Given I have logged in" classname="user-sending-messages-to-lobby;send-message-to-users-in-lobby" time="4.678071119">
            <failure message="NoSuchElementError: no such element: Unable to locate element: {&quot;method&quot;:&quot;css selector&quot;,&quot;selector&quot;:&quot;*[id=&quot;userInput&quot;]&quot;}">NoSuchElementError: no such element: Unable to locate element: {&quot;method&quot;:&quot;css selector&quot;,&quot;selector&quot;:&quot;*[id=&quot;userInput&quot;]&quot;}
  (Session info: chrome=63.0.3239.84)
  (Driver info: chromedriver=2.34.522940 (1a76f96f66e3ca7b8e57d503b4dd3bccfba87af1),platform=Windows NT 10.0.15063 x86_64)
    at WebDriverError (C:\Users\Matt\Source\Repos\Soft351CW5\node_modules\selenium-webdriver\lib\error.js:27:5)
    at NoSuchElementError (C:\Users\Matt\Source\Repos\Soft351CW5\node_modules\selenium-webdriver\lib\error.js:168:5)
    at Object.checkLegacyResponse (C:\Users\Matt\Source\Repos\Soft351CW5\node_modules\selenium-webdriver\lib\error.js:505:15)
    at parseHttpResponse (C:\Users\Matt\Source\Repos\Soft351CW5\node_modules\selenium-webdriver\lib\http.js:509:13)
    at doSend.then.response (C:\Users\Matt\Source\Repos\Soft351CW5\node_modules\selenium-webdriver\lib\http.js:440:13)
    at process._tickCallback (internal/process/next_tick.js:109:7)
From: Task: WebDriver.findElement(By(css selector, *[id=&quot;userInput&quot;]))
    at thenableWebDriverProxy.schedule (C:\Users\Matt\Source\Repos\Soft351CW5\node_modules\selenium-webdriver\lib\webdriver.js:815:17)
    at thenableWebDriverProxy.findElement (C:\Users\Matt\Source\Repos\Soft351CW5\node_modules\selenium-webdriver\lib\webdriver.js:1016:17)
    at C:\Users\Matt\Source\Repos\Soft351CW5\steps\lobbyMessageSteps.js:8:20
    at ManagedPromise.invokeCallback_ (C:\Users\Matt\Source\Repos\Soft351CW5\node_modules\selenium-webdriver\lib\promise.js:1341:14)
    at TaskQueue.execute_ (C:\Users\Matt\Source\Repos\Soft351CW5\node_modules\selenium-webdriver\lib\promise.js:2950:14)
    at TaskQueue.executeNext_ (C:\Users\Matt\Source\Repos\Soft351CW5\node_modules\selenium-webdriver\lib\promise.js:2933:27)
    at asyncRun (C:\Users\Matt\Source\Repos\Soft351CW5\node_modules\selenium-webdriver\lib\promise.js:2793:27)
    at C:\Users\Matt\Source\Repos\Soft351CW5\node_modules\selenium-webdriver\lib\promise.js:675:7
    at process._tickCallback (internal/process/next_tick.js:109:7)
From: Task: WebElement.sendKeys()
    at thenableWebDriverProxy.schedule (C:\Users\Matt\Source\Repos\Soft351CW5\node_modules\selenium-webdriver\lib\webdriver.js:815:17)
    at WebElementPromise.schedule_ (C:\Users\Matt\Source\Repos\Soft351CW5\node_modules\selenium-webdriver\lib\webdriver.js:1914:25)
    at WebElementPromise.sendKeys (C:\Users\Matt\Source\Repos\Soft351CW5\node_modules\selenium-webdriver\lib\webdriver.js:2077:19)
    at C:\Users\Matt\Source\Repos\Soft351CW5\steps\lobbyMessageSteps.js:8:52
    at ManagedPromise.invokeCallback_ (C:\Users\Matt\Source\Repos\Soft351CW5\node_modules\selenium-webdriver\lib\promise.js:1341:14)
    at TaskQueue.execute_ (C:\Users\Matt\Source\Repos\Soft351CW5\node_modules\selenium-webdriver\lib\promise.js:2950:14)
    at TaskQueue.executeNext_ (C:\Users\Matt\Source\Repos\Soft351CW5\node_modules\selenium-webdriver\lib\promise.js:2933:27)
    at asyncRun (C:\Users\Matt\Source\Repos\Soft351CW5\node_modules\selenium-webdriver\lib\promise.js:2793:27)
    at C:\Users\Matt\Source\Repos\Soft351CW5\node_modules\selenium-webdriver\lib\promise.js:675:7
    at process._tickCallback (internal/process/next_tick.js:109:7)</failure>
        </testcase>
        <testcase name="Then i write out my message to the lobby" classname="user-sending-messages-to-lobby;send-message-to-users-in-lobby">
            <skipped message="">
            </skipped>
        </testcase>
        <testcase name="Then i press enter" classname="user-sending-messages-to-lobby;send-message-to-users-in-lobby">
            <skipped message="">
            </skipped>
        </testcase>
        <testcase name="And i should see my message in the lobby chat with my username" classname="user-sending-messages-to-lobby;send-message-to-users-in-lobby">
            <skipped message="">
            </skipped>
        </testcase>
    </testsuite>
</testsuites>